<?xml version="1.0" encoding="UTF-8"?>
<!-- Generated by org.testng.reporters.JUnitReportReporter -->
<testsuite hostname="Frozen" failures="0" tests="1" name="testcases.LoginTest" time="8.455" errors="0" timestamp="2025-07-08T21:07:59 IST" skipped="0">
  <testcase classname="testcases.LoginTest" name="testLogin" time="8.455"/>
</testsuite> <!-- testcases.LoginTest -->
